<?xml version="1.0" encoding="UTF-8"?>
<testsuite xmlns:xsi="http://www.w3.org/2001/XMLSchema-instance" xsi:noNamespaceSchemaLocation="https://maven.apache.org/surefire/maven-surefire-plugin/xsd/surefire-test-report-3.0.xsd" version="3.0" name="top.panyuwen.gigotapibackend.MainApplicationTests" time="15.919" tests="1" errors="0" skipped="0" failures="0">
  <properties>
[...]
</properties>
  <testcase name="contextLoads" classname="top.panyuwen.gigotapibackend.MainApplicationTests" time="0.232">
    <system-out><![CDATA[13:08:30.993 [main] DEBUG org.springframework.test.context.BootstrapUtils - Instantiating CacheAwareContextLoaderDelegate from class [org.springframework.test.context.cache.DefaultCacheAwareContextLoaderDelegate]
13:08:31.000 [main] DEBUG org.springframework.test.context.BootstrapUtils - Instantiating BootstrapContext using constructor [public org.springframework.test.context.support.DefaultBootstrapContext(java.lang.Class,org.springframework.test.context.CacheAwareContextLoaderDelegate)]
13:08:31.027 [main] DEBUG org.springframework.test.context.BootstrapUtils - Instantiating TestContextBootstrapper for test class [top.panyuwen.gigotapibackend.MainApplicationTests] from class [org.springframework.boot.test.context.SpringBootTestContextBootstrapper]
13:08:31.036 [main] INFO org.springframework.boot.test.context.SpringBootTestContextBootstrapper - Neither @ContextConfiguration nor @ContextHierarchy found for test class [top.panyuwen.gigotapibackend.MainApplicationTests], using SpringBootContextLoader
13:08:31.038 [main] DEBUG org.springframework.test.context.support.AbstractContextLoader - Did not detect default resource location for test class [top.panyuwen.gigotapibackend.MainApplicationTests]: class path resource [top/panyuwen/gigotapibackend/MainApplicationTests-context.xml] does not exist
13:08:31.039 [main] DEBUG org.springframework.test.context.support.AbstractContextLoader - Did not detect default resource location for test class [top.panyuwen.gigotapibackend.MainApplicationTests]: class path resource [top/panyuwen/gigotapibackend/MainApplicationTestsContext.groovy] does not exist
13:08:31.039 [main] INFO org.springframework.test.context.support.AbstractContextLoader - Could not detect default resource locations for test class [top.panyuwen.gigotapibackend.MainApplicationTests]: no resource found for suffixes {-context.xml, Context.groovy}.
13:08:31.039 [main] INFO org.springframework.test.context.support.AnnotationConfigContextLoaderUtils - Could not detect default configuration classes for test class [top.panyuwen.gigotapibackend.MainApplicationTests]: MainApplicationTests does not declare any static, non-private, non-final, nested classes annotated with @Configuration.
13:08:31.076 [main] DEBUG org.springframework.test.context.support.ActiveProfilesUtils - Could not find an 'annotation declaring class' for annotation type [org.springframework.test.context.ActiveProfiles] and class [top.panyuwen.gigotapibackend.MainApplicationTests]
13:08:31.146 [main] DEBUG org.springframework.context.annotation.ClassPathScanningCandidateComponentProvider - Identified candidate component class: file [D:\文件下载\gigot-api-main\gigot-api-main\gigotapi\gigotapi-backend\target\classes\top\panyuwen\gigotapibackend\GigotApiApplication.class]
13:08:31.147 [main] INFO org.springframework.boot.test.context.SpringBootTestContextBootstrapper - Found @SpringBootConfiguration top.panyuwen.gigotapibackend.GigotApiApplication for test class top.panyuwen.gigotapibackend.MainApplicationTests
13:08:31.240 [main] DEBUG org.springframework.boot.test.context.SpringBootTestContextBootstrapper - @TestExecutionListeners is not present for class [top.panyuwen.gigotapibackend.MainApplicationTests]: using defaults.
13:08:31.241 [main] INFO org.springframework.boot.test.context.SpringBootTestContextBootstrapper - Loaded default TestExecutionListener class names from location [META-INF/spring.factories]: [org.springframework.boot.test.mock.mockito.MockitoTestExecutionListener, org.springframework.boot.test.mock.mockito.ResetMocksTestExecutionListener, org.springframework.boot.test.autoconfigure.restdocs.RestDocsTestExecutionListener, org.springframework.boot.test.autoconfigure.web.client.MockRestServiceServerResetTestExecutionListener, org.springframework.boot.test.autoconfigure.web.servlet.MockMvcPrintOnlyOnFailureTestExecutionListener, org.springframework.boot.test.autoconfigure.web.servlet.WebDriverTestExecutionListener, org.springframework.boot.test.autoconfigure.webservices.client.MockWebServiceServerTestExecutionListener, org.springframework.test.context.web.ServletTestExecutionListener, org.springframework.test.context.support.DirtiesContextBeforeModesTestExecutionListener, org.springframework.test.context.event.ApplicationEventsTestExecutionListener, org.springframework.test.context.support.DependencyInjectionTestExecutionListener, org.springframework.test.context.support.DirtiesContextTestExecutionListener, org.springframework.test.context.transaction.TransactionalTestExecutionListener, org.springframework.test.context.jdbc.SqlScriptsTestExecutionListener, org.springframework.test.context.event.EventPublishingTestExecutionListener]
13:08:31.254 [main] INFO org.springframework.boot.test.context.SpringBootTestContextBootstrapper - Using TestExecutionListeners: [org.springframework.test.context.web.ServletTestExecutionListener@3697186, org.springframework.test.context.support.DirtiesContextBeforeModesTestExecutionListener@1583741e, org.springframework.test.context.event.ApplicationEventsTestExecutionListener@5b367418, org.springframework.boot.test.mock.mockito.MockitoTestExecutionListener@36060e, org.springframework.boot.test.autoconfigure.SpringBootDependencyInjectionTestExecutionListener@481ba2cf, org.springframework.test.context.support.DirtiesContextTestExecutionListener@46b61c56, org.springframework.test.context.transaction.TransactionalTestExecutionListener@2e48362c, org.springframework.test.context.jdbc.SqlScriptsTestExecutionListener@1efe439d, org.springframework.test.context.event.EventPublishingTestExecutionListener@be68757, org.springframework.boot.test.mock.mockito.ResetMocksTestExecutionListener@7d446ed1, org.springframework.boot.test.autoconfigure.restdocs.RestDocsTestExecutionListener@12d2ce03, org.springframework.boot.test.autoconfigure.web.client.MockRestServiceServerResetTestExecutionListener@7e5c856f, org.springframework.boot.test.autoconfigure.web.servlet.MockMvcPrintOnlyOnFailureTestExecutionListener@413f69cc, org.springframework.boot.test.autoconfigure.web.servlet.WebDriverTestExecutionListener@1f53a5dc, org.springframework.boot.test.autoconfigure.webservices.client.MockWebServiceServerTestExecutionListener@1b75c2e3]
13:08:31.257 [main] DEBUG org.springframework.test.context.support.AbstractDirtiesContextTestExecutionListener - Before test class: context [DefaultTestContext@3e6104fc testClass = MainApplicationTests, testInstance = [null], testMethod = [null], testException = [null], mergedContextConfiguration = [WebMergedContextConfiguration@12359a82 testClass = MainApplicationTests, locations = '{}', classes = '{class top.panyuwen.gigotapibackend.GigotApiApplication}', contextInitializerClasses = '[]', activeProfiles = '{}', propertySourceLocations = '{}', propertySourceProperties = '{org.springframework.boot.test.context.SpringBootTestContextBootstrapper=true}', contextCustomizers = set[org.springframework.boot.test.context.filter.ExcludeFilterContextCustomizer@3c73951, org.springframework.boot.test.json.DuplicateJsonObjectContextCustomizerFactory$DuplicateJsonObjectContextCustomizer@10d307f1, org.springframework.boot.test.mock.mockito.MockitoContextCustomizer@0, org.springframework.boot.test.web.client.TestRestTemplateContextCustomizer@16610890, org.springframework.boot.test.autoconfigure.actuate.metrics.MetricsExportContextCustomizerFactory$DisableMetricExportContextCustomizer@4d0f2471, org.springframework.boot.test.autoconfigure.properties.PropertyMappingContextCustomizer@0, org.springframework.boot.test.autoconfigure.web.servlet.WebDriverContextCustomizerFactory$Customizer@66d3eec0, org.springframework.boot.test.context.SpringBootTestArgs@1, org.springframework.boot.test.context.SpringBootTestWebEnvironment@6366ebe0], resourceBasePath = 'src/main/webapp', contextLoader = 'org.springframework.boot.test.context.SpringBootContextLoader', parent = [null]], attributes = map['org.springframework.test.context.web.ServletTestExecutionListener.activateListener' -> true]], class annotated with @DirtiesContext [false] with mode [null].
by Gigot
个人博客：https://panyw-git.gitee.io/
个人网站：http://www.panyuwen.top/
2025-05-05 13:08:31.635  INFO 31524 --- [           main] t.p.g.MainApplicationTests               : Starting MainApplicationTests using Java 1.8.0_221 on R1 with PID 31524 (started by 86150 in D:\文件下载\gigot-api-main\gigot-api-main\gigotapi\gigotapi-backend)
2025-05-05 13:08:31.636  INFO 31524 --- [           main] t.p.g.MainApplicationTests               : No active profile set, falling back to 1 default profile: "default"
2025-05-05 13:08:32.730  INFO 31524 --- [           main] o.apache.dubbo.rpc.model.FrameworkModel  :  [DUBBO] Reset global default framework from null to Dubbo Framework[1], dubbo version: 3.0.9, current host: 192.168.56.1
2025-05-05 13:08:32.730  INFO 31524 --- [           main] o.apache.dubbo.rpc.model.FrameworkModel  :  [DUBBO] Dubbo Framework[1] is created, dubbo version: 3.0.9, current host: 192.168.56.1
2025-05-05 13:08:32.761  INFO 31524 --- [           main] o.a.dubbo.rpc.model.ApplicationModel     :  [DUBBO] Dubbo Application[1.0](unknown) is created, dubbo version: 3.0.9, current host: 192.168.56.1
2025-05-05 13:08:32.762  INFO 31524 --- [           main] org.apache.dubbo.rpc.model.ScopeModel    :  [DUBBO] Dubbo Module[1.0.0] is created, dubbo version: 3.0.9, current host: 192.168.56.1
2025-05-05 13:08:32.816  INFO 31524 --- [           main] o.a.d.c.context.AbstractConfigManager    :  [DUBBO] Config settings: {dubbo.config.mode=STRICT, dubbo.config.ignore-duplicated-interface=false}, dubbo version: 3.0.9, current host: 192.168.56.1
2025-05-05 13:08:32.817  INFO 31524 --- [           main] o.a.d.c.context.AbstractConfigManager    :  [DUBBO] Config settings: {dubbo.config.mode=STRICT, dubbo.config.ignore-duplicated-interface=false}, dubbo version: 3.0.9, current host: 192.168.56.1
2025-05-05 13:08:32.873  INFO 31524 --- [           main] o.apache.dubbo.rpc.model.FrameworkModel  :  [DUBBO] Reset global default application from null to Dubbo Application[1.1](unknown), dubbo version: 3.0.9, current host: 192.168.56.1
2025-05-05 13:08:32.873  INFO 31524 --- [           main] o.a.dubbo.rpc.model.ApplicationModel     :  [DUBBO] Dubbo Application[1.1](unknown) is created, dubbo version: 3.0.9, current host: 192.168.56.1
2025-05-05 13:08:32.873  INFO 31524 --- [           main] org.apache.dubbo.rpc.model.ScopeModel    :  [DUBBO] Dubbo Module[1.1.0] is created, dubbo version: 3.0.9, current host: 192.168.56.1
2025-05-05 13:08:32.880  INFO 31524 --- [           main] o.a.d.c.context.AbstractConfigManager    :  [DUBBO] Config settings: {dubbo.config.mode=STRICT, dubbo.config.ignore-duplicated-interface=false}, dubbo version: 3.0.9, current host: 192.168.56.1
2025-05-05 13:08:32.880  INFO 31524 --- [           main] o.a.d.c.context.AbstractConfigManager    :  [DUBBO] Config settings: {dubbo.config.mode=STRICT, dubbo.config.ignore-duplicated-interface=false}, dubbo version: 3.0.9, current host: 192.168.56.1
2025-05-05 13:08:32.890  INFO 31524 --- [           main] o.a.d.c.s.c.DubboSpringInitializer       :  [DUBBO] Use default application: Dubbo Application[1.1](unknown), dubbo version: 3.0.9, current host: 192.168.56.1
2025-05-05 13:08:32.891  INFO 31524 --- [           main] org.apache.dubbo.rpc.model.ScopeModel    :  [DUBBO] Dubbo Module[1.1.1] is created, dubbo version: 3.0.9, current host: 192.168.56.1
2025-05-05 13:08:32.896  INFO 31524 --- [           main] o.a.d.c.context.AbstractConfigManager    :  [DUBBO] Config settings: {dubbo.config.mode=STRICT, dubbo.config.ignore-duplicated-interface=false}, dubbo version: 3.0.9, current host: 192.168.56.1
2025-05-05 13:08:32.900  INFO 31524 --- [           main] o.a.d.c.s.c.DubboSpringInitializer       :  [DUBBO] Use default module model of target application: Dubbo Module[1.1.1], dubbo version: 3.0.9, current host: 192.168.56.1
2025-05-05 13:08:32.900  INFO 31524 --- [           main] o.a.d.c.s.c.DubboSpringInitializer       :  [DUBBO] Bind Dubbo Module[1.1.1] to spring container: org.springframework.beans.factory.support.DefaultListableBeanFactory@324dcd31, dubbo version: 3.0.9, current host: 192.168.56.1
2025-05-05 13:08:33.226  INFO 31524 --- [           main] .s.d.r.c.RepositoryConfigurationDelegate : Multiple Spring Data modules found, entering strict repository configuration mode
2025-05-05 13:08:33.229  INFO 31524 --- [           main] .s.d.r.c.RepositoryConfigurationDelegate : Bootstrapping Spring Data Elasticsearch repositories in DEFAULT mode.
2025-05-05 13:08:33.255  INFO 31524 --- [           main] .s.d.r.c.RepositoryConfigurationDelegate : Finished Spring Data repository scanning in 22 ms. Found 0 Elasticsearch repository interfaces.
2025-05-05 13:08:33.260  INFO 31524 --- [           main] .s.d.r.c.RepositoryConfigurationDelegate : Multiple Spring Data modules found, entering strict repository configuration mode
2025-05-05 13:08:33.261  INFO 31524 --- [           main] .s.d.r.c.RepositoryConfigurationDelegate : Bootstrapping Spring Data Reactive Elasticsearch repositories in DEFAULT mode.
2025-05-05 13:08:33.269  INFO 31524 --- [           main] .s.d.r.c.RepositoryConfigurationDelegate : Finished Spring Data repository scanning in 7 ms. Found 0 Reactive Elasticsearch repository interfaces.
2025-05-05 13:08:33.282  INFO 31524 --- [           main] .s.d.r.c.RepositoryConfigurationDelegate : Multiple Spring Data modules found, entering strict repository configuration mode
2025-05-05 13:08:33.284  INFO 31524 --- [           main] .s.d.r.c.RepositoryConfigurationDelegate : Bootstrapping Spring Data Redis repositories in DEFAULT mode.
2025-05-05 13:08:33.295  INFO 31524 --- [           main] .s.d.r.c.RepositoryConfigurationDelegate : Finished Spring Data repository scanning in 6 ms. Found 0 Redis repository interfaces.
2025-05-05 13:08:33.472  WARN 31524 --- [           main] o.m.s.mapper.ClassPathMapperScanner      : No MyBatis mapper was found in '[com.yupi.springbootinit.mapper]' package. Please check your configuration.
2025-05-05 13:08:33.480  INFO 31524 --- [           main] c.s.b.f.a.ServiceAnnotationPostProcessor :  [DUBBO] BeanNameGenerator bean can't be found in BeanFactory with name [org.springframework.context.annotation.internalConfigurationBeanNameGenerator], dubbo version: 3.0.9, current host: 192.168.56.1
2025-05-05 13:08:33.480  INFO 31524 --- [           main] c.s.b.f.a.ServiceAnnotationPostProcessor :  [DUBBO] BeanNameGenerator will be a instance of org.springframework.context.annotation.AnnotationBeanNameGenerator , it maybe a potential problem on bean name generation., dubbo version: 3.0.9, current host: 192.168.56.1
2025-05-05 13:08:33.485  INFO 31524 --- [           main] c.s.b.f.a.ServiceAnnotationPostProcessor :  [DUBBO] Found 4 classes annotated by Dubbo @Service under package [top.panyuwen.gigotapibackend]: [top.panyuwen.gigotapibackend.service.impl.inner.InnerInterfaceInfoServiceImpl, top.panyuwen.gigotapibackend.service.impl.inner.InnerInterfaceLogServiceImpl, top.panyuwen.gigotapibackend.service.impl.inner.InnerUserInterfaceInfoServiceImpl, top.panyuwen.gigotapibackend.service.impl.inner.InnerUserServiceImpl], dubbo version: 3.0.9, current host: 192.168.56.1
2025-05-05 13:08:33.495  INFO 31524 --- [           main] c.s.b.f.a.ServiceAnnotationPostProcessor :  [DUBBO] Register ServiceBean[ServiceBean:top.panyuwen.gigotapicommon.service.InnerInterfaceInfoService]: Root bean: class [org.apache.dubbo.config.spring.ServiceBean]; scope=; abstract=false; lazyInit=null; autowireMode=0; dependencyCheck=0; autowireCandidate=true; primary=false; factoryBeanName=null; factoryMethodName=null; initMethodName=null; destroyMethodName=null, dubbo version: 3.0.9, current host: 192.168.56.1
2025-05-05 13:08:33.496  INFO 31524 --- [           main] c.s.b.f.a.ServiceAnnotationPostProcessor :  [DUBBO] Register ServiceBean[ServiceBean:top.panyuwen.gigotapicommon.service.InnerInterfaceLogService]: Root bean: class [org.apache.dubbo.config.spring.ServiceBean]; scope=; abstract=false; lazyInit=null; autowireMode=0; dependencyCheck=0; autowireCandidate=true; primary=false; factoryBeanName=null; factoryMethodName=null; initMethodName=null; destroyMethodName=null, dubbo version: 3.0.9, current host: 192.168.56.1
2025-05-05 13:08:33.497  INFO 31524 --- [           main] c.s.b.f.a.ServiceAnnotationPostProcessor :  [DUBBO] Register ServiceBean[ServiceBean:top.panyuwen.gigotapicommon.service.InnerUserInterfaceInfoService]: Root bean: class [org.apache.dubbo.config.spring.ServiceBean]; scope=; abstract=false; lazyInit=null; autowireMode=0; dependencyCheck=0; autowireCandidate=true; primary=false; factoryBeanName=null; factoryMethodName=null; initMethodName=null; destroyMethodName=null, dubbo version: 3.0.9, current host: 192.168.56.1
2025-05-05 13:08:33.498  INFO 31524 --- [           main] c.s.b.f.a.ServiceAnnotationPostProcessor :  [DUBBO] Register ServiceBean[ServiceBean:top.panyuwen.gigotapicommon.service.InnerUserService]: Root bean: class [org.apache.dubbo.config.spring.ServiceBean]; scope=; abstract=false; lazyInit=null; autowireMode=0; dependencyCheck=0; autowireCandidate=true; primary=false; factoryBeanName=null; factoryMethodName=null; initMethodName=null; destroyMethodName=null, dubbo version: 3.0.9, current host: 192.168.56.1
2025-05-05 13:08:34.367  INFO 31524 --- [           main] f.a.ReferenceAnnotationBeanPostProcessor : class org.apache.dubbo.config.spring.beans.factory.annotation.ReferenceAnnotationBeanPostProcessor was destroying!
2025-05-05 13:08:34.852  INFO 31524 --- [           main] o.a.d.c.s.c.DubboConfigBeanInitializer   : loading dubbo config beans ...
2025-05-05 13:08:34.856  INFO 31524 --- [           main] o.a.d.c.s.c.DubboConfigBeanInitializer   : dubbo config beans are loaded.
2025-05-05 13:08:34.905  INFO 31524 --- [           main] o.a.d.c.d.DefaultApplicationDeployer     :  [DUBBO] No value is configured in the registry, the DynamicConfigurationFactory extension[name : nacos] supports as the config center, dubbo version: 3.0.9, current host: 192.168.56.1
2025-05-05 13:08:34.905  INFO 31524 --- [           main] o.a.d.c.d.DefaultApplicationDeployer     :  [DUBBO] The registry[<dubbo:registry id="nacos-registry" address="nacos://localhost:8848" protocol="nacos" port="8848" />] will be used as the config center, dubbo version: 3.0.9, current host: 192.168.56.1
2025-05-05 13:08:34.909  INFO 31524 --- [           main] o.a.d.c.d.DefaultApplicationDeployer     :  [DUBBO] use registry as config-center: <dubbo:config-center highestPriority="false" id="config-center-nacos-localhost-8848" address="nacos://localhost:8848" protocol="nacos" port="8848" />, dubbo version: 3.0.9, current host: 192.168.56.1
2025-05-05 13:08:35.224  INFO 31524 --- [           main] c.a.n.p.a.s.c.ClientAuthPluginManager    : [ClientAuthPluginManager] Load ClientAuthService com.alibaba.nacos.client.auth.impl.NacosClientAuthServiceImpl success.
2025-05-05 13:08:35.224  INFO 31524 --- [           main] c.a.n.p.a.s.c.ClientAuthPluginManager    : [ClientAuthPluginManager] Load ClientAuthService com.alibaba.nacos.client.auth.ram.RamClientAuthServiceImpl success.
2025-05-05 13:08:36.942  WARN 31524 --- [           main] o.a.d.common.config.ConfigurationUtils   :  [DUBBO] Config center was specified, but no config item found., dubbo version: 3.0.9, current host: 192.168.56.1
2025-05-05 13:08:36.942  WARN 31524 --- [           main] o.a.d.common.config.ConfigurationUtils   :  [DUBBO] Config center was specified, but no config item found., dubbo version: 3.0.9, current host: 192.168.56.1
2025-05-05 13:08:36.970  INFO 31524 --- [           main] o.a.d.c.deploy.DefaultModuleDeployer     :  [DUBBO] Dubbo Module[1.1.0] has been initialized!, dubbo version: 3.0.9, current host: 192.168.56.1
2025-05-05 13:08:36.973  INFO 31524 --- [           main] o.a.d.c.deploy.DefaultModuleDeployer     :  [DUBBO] Dubbo Module[1.1.1] has been initialized!, dubbo version: 3.0.9, current host: 192.168.56.1
2025-05-05 13:08:36.978  INFO 31524 --- [           main] o.a.d.c.d.DefaultApplicationDeployer     :  [DUBBO] No value is configured in the registry, the MetadataReportFactory extension[name : nacos] supports as the metadata center, dubbo version: 3.0.9, current host: 192.168.56.1
2025-05-05 13:08:36.978  INFO 31524 --- [           main] o.a.d.c.d.DefaultApplicationDeployer     :  [DUBBO] The registry[<dubbo:registry id="nacos-registry" address="nacos://localhost:8848" protocol="nacos" port="8848" />] will be used as the metadata center, dubbo version: 3.0.9, current host: 192.168.56.1
2025-05-05 13:08:36.980  INFO 31524 --- [           main] o.a.d.c.d.DefaultApplicationDeployer     :  [DUBBO] use registry as metadata-center: <dubbo:metadata-report id="nacos-registry" address="nacos://localhost:8848" protocol="nacos" port="8848" />, dubbo version: 3.0.9, current host: 192.168.56.1
2025-05-05 13:08:37.079  INFO 31524 --- [           main] c.a.n.p.a.s.c.ClientAuthPluginManager    : [ClientAuthPluginManager] Load ClientAuthService com.alibaba.nacos.client.auth.impl.NacosClientAuthServiceImpl success.
2025-05-05 13:08:37.079  INFO 31524 --- [           main] c.a.n.p.a.s.c.ClientAuthPluginManager    : [ClientAuthPluginManager] Load ClientAuthService com.alibaba.nacos.client.auth.ram.RamClientAuthServiceImpl success.
2025-05-05 13:08:37.080  INFO 31524 --- [           main] o.a.d.c.d.DefaultApplicationDeployer     :  [DUBBO] Dubbo Application[1.1](dubbo-springboot-demo-provider) has been initialized!, dubbo version: 3.0.9, current host: 192.168.56.1
Logging initialized using 'class org.apache.ibatis.logging.stdout.StdOutImpl' adapter.
Registered plugin: 'com.baomidou.mybatisplus.extension.plugins.MybatisPlusInterceptor@32c08610'
Parsed mapper file: 'file [D:\文件下载\gigot-api-main\gigot-api-main\gigotapi\gigotapi-backend\target\classes\mapper\InterfaceInfoMapper.xml]'
Can not find table primary key in Class: "top.panyuwen.gigotapicommon.model.entity.InterfaceInfoProportion".
2025-05-05 13:08:38.423  WARN 31524 --- [           main] c.b.m.core.injector.DefaultSqlInjector   : class top.panyuwen.gigotapicommon.model.entity.InterfaceInfoProportion ,Not found @TableId annotation, Cannot use Mybatis-Plus 'xxById' Method.
Parsed mapper file: 'file [D:\文件下载\gigot-api-main\gigot-api-main\gigotapi\gigotapi-backend\target\classes\mapper\InterfaceInfoProportionMapper.xml]'
Parsed mapper file: 'file [D:\文件下载\gigot-api-main\gigot-api-main\gigotapi\gigotapi-backend\target\classes\mapper\InterfaceLogMapper.xml]'
Can not find table primary key in Class: "top.panyuwen.gigotapicommon.model.entity.InterfaceLogWeekCount".
2025-05-05 13:08:38.457  WARN 31524 --- [           main] c.b.m.core.injector.DefaultSqlInjector   : class top.panyuwen.gigotapicommon.model.entity.InterfaceLogWeekCount ,Not found @TableId annotation, Cannot use Mybatis-Plus 'xxById' Method.
Parsed mapper file: 'file [D:\文件下载\gigot-api-main\gigot-api-main\gigotapi\gigotapi-backend\target\classes\mapper\InterfaceLogWeekCountMapper.xml]'
Parsed mapper file: 'file [D:\文件下载\gigot-api-main\gigot-api-main\gigotapi\gigotapi-backend\target\classes\mapper\PaymentTransactionLogMapper.xml]'
Parsed mapper file: 'file [D:\文件下载\gigot-api-main\gigot-api-main\gigotapi\gigotapi-backend\target\classes\mapper\ProductInfoMapper.xml]'
Parsed mapper file: 'file [D:\文件下载\gigot-api-main\gigot-api-main\gigotapi\gigotapi-backend\target\classes\mapper\ProductOrderMapper.xml]'
Can not find table primary key in Class: "top.panyuwen.gigotapicommon.model.entity.ProductOrderPayoutRank".
2025-05-05 13:08:38.556  WARN 31524 --- [           main] c.b.m.core.injector.DefaultSqlInjector   : class top.panyuwen.gigotapicommon.model.entity.ProductOrderPayoutRank ,Not found @TableId annotation, Cannot use Mybatis-Plus 'xxById' Method.
Parsed mapper file: 'file [D:\文件下载\gigot-api-main\gigot-api-main\gigotapi\gigotapi-backend\target\classes\mapper\ProductOrderPayoutRankMapper.xml]'
Can not find table primary key in Class: "top.panyuwen.gigotapicommon.model.entity.ProductOrderPeriodIntroducerow".
2025-05-05 13:08:38.577  WARN 31524 --- [           main] c.b.m.core.injector.DefaultSqlInjector   : class top.panyuwen.gigotapicommon.model.entity.ProductOrderPeriodIntroducerow ,Not found @TableId annotation, Cannot use Mybatis-Plus 'xxById' Method.
Parsed mapper file: 'file [D:\文件下载\gigot-api-main\gigot-api-main\gigotapi\gigotapi-backend\target\classes\mapper\ProductOrderPeriodIntroducerowMapper.xml]'
Can not find table primary key in Class: "top.panyuwen.gigotapicommon.model.entity.ProductOrderTotalDay".
2025-05-05 13:08:38.587  WARN 31524 --- [           main] c.b.m.core.injector.DefaultSqlInjector   : class top.panyuwen.gigotapicommon.model.entity.ProductOrderTotalDay ,Not found @TableId annotation, Cannot use Mybatis-Plus 'xxById' Method.
Parsed mapper file: 'file [D:\文件下载\gigot-api-main\gigot-api-main\gigotapi\gigotapi-backend\target\classes\mapper\ProductOrderTotalDayMapper.xml]'
Parsed mapper file: 'file [D:\文件下载\gigot-api-main\gigot-api-main\gigotapi\gigotapi-backend\target\classes\mapper\UserInterfaceinfoMapper.xml]'
Parsed mapper file: 'file [D:\文件下载\gigot-api-main\gigot-api-main\gigotapi\gigotapi-backend\target\classes\mapper\UserMapper.xml]'
 _ _   |_  _ _|_. ___ _ |    _ 
| | |\/|_)(_| | |_\  |_)||_|_\ 
     /               |         
                        3.5.2 
2025-05-05 13:08:39.988  INFO 31524 --- [           main] t.p.gigotapibackend.utils.WxPayUtil      : 加载微信支付配置
2025-05-05 13:08:39.988  INFO 31524 --- [           main] t.p.gigotapibackend.utils.WxPayUtil      : WxPayUtil:WxPayUtil(mchId=null, mchSerialNo=null, privateKeyPath=null, apiV3Key=null, appId=null, domain=null, notifyDomain=null)
2025-05-05 13:08:39.988  INFO 31524 --- [           main] t.p.gigotapibackend.utils.WxPayUtil      : 密钥文件：
2025-05-05 13:08:40.764  INFO 31524 --- [           main] org.redisson.Version                     : Redisson 3.17.5
2025-05-05 13:08:41.122  INFO 31524 --- [isson-netty-4-7] o.r.c.pool.MasterPubSubConnectionPool    : 1 connections initialized for 192.168.216.103/192.168.216.103:6379
2025-05-05 13:08:41.167  INFO 31524 --- [sson-netty-4-19] o.r.c.pool.MasterConnectionPool          : 24 connections initialized for 192.168.216.103/192.168.216.103:6379
2025-05-05 13:08:41.223  INFO 31524 --- [           main] t.p.g.utils.SMSTencentCloudUtils         : 加载腾讯云配置
2025-05-05 13:08:41.223  INFO 31524 --- [           main] t.p.g.utils.SMSTencentCloudUtils         : secretId:null
2025-05-05 13:08:41.223  INFO 31524 --- [           main] t.p.g.utils.SMSTencentCloudUtils         : secretKey:null
2025-05-05 13:08:41.223  INFO 31524 --- [           main] t.p.g.utils.SMSTencentCloudUtils         : sdkAppId:null
2025-05-05 13:08:41.223  INFO 31524 --- [           main] t.p.g.utils.SMSTencentCloudUtils         : templateId:null
2025-05-05 13:08:43.028  WARN 31524 --- [           main] o.s.b.a.f.FreeMarkerAutoConfiguration    : Cannot find template location(s): [classpath:/templates/] (please add some templates, check your FreeMarker configuration, or set spring.freemarker.checkTemplateLocation=false)
2025-05-05 13:08:44.677  INFO 31524 --- [           main] s.a.ScheduledAnnotationBeanPostProcessor : No TaskScheduler/ScheduledExecutorService bean found for scheduled processing
2025-05-05 13:08:44.685  INFO 31524 --- [           main] o.a.d.c.deploy.DefaultModuleDeployer     :  [DUBBO] Dubbo Module[1.1.1] is starting., dubbo version: 3.0.9, current host: 192.168.56.1
2025-05-05 13:08:44.685  INFO 31524 --- [           main] o.a.d.c.d.DefaultApplicationDeployer     :  [DUBBO] Dubbo Application[1.1](dubbo-springboot-demo-provider) is starting., dubbo version: 3.0.9, current host: 192.168.56.1
2025-05-05 13:08:44.754  WARN 31524 --- [           main] org.apache.dubbo.config.ServiceConfig    :  [DUBBO] Use random available port(20880) for protocol dubbo, dubbo version: 3.0.9, current host: 192.168.56.1
2025-05-05 13:08:44.812  INFO 31524 --- [           main] org.apache.dubbo.config.ServiceConfig    :  [DUBBO] Export dubbo service top.panyuwen.gigotapicommon.service.InnerInterfaceInfoService to local registry url : injvm://127.0.0.1/top.panyuwen.gigotapicommon.service.InnerInterfaceInfoService?anyhost=true&application=dubbo-springboot-demo-provider&background=false&bind.ip=192.168.56.1&bind.port=20880&deprecated=false&dubbo=2.0.2&dynamic=true&generic=false&interface=top.panyuwen.gigotapicommon.service.InnerInterfaceInfoService&methods=getInterfaceInfo&pid=31524&release=3.0.9&revision=0.0.2&side=provider&timestamp=1746421724749, dubbo version: 3.0.9, current host: 192.168.56.1
2025-05-05 13:08:44.813  INFO 31524 --- [           main] org.apache.dubbo.config.ServiceConfig    :  [DUBBO] Register dubbo service top.panyuwen.gigotapicommon.service.InnerInterfaceInfoService url dubbo://192.168.56.1:20880/top.panyuwen.gigotapicommon.service.InnerInterfaceInfoService?anyhost=true&application=dubbo-springboot-demo-provider&background=false&bind.ip=192.168.56.1&bind.port=20880&deprecated=false&dubbo=2.0.2&dynamic=true&generic=false&interface=top.panyuwen.gigotapicommon.service.InnerInterfaceInfoService&methods=getInterfaceInfo&pid=31524&release=3.0.9&revision=0.0.2&service-name-mapping=true&side=provider&timestamp=1746421724749 to registry localhost:8848, dubbo version: 3.0.9, current host: 192.168.56.1
2025-05-05 13:08:44.833  INFO 31524 --- [           main] org.apache.dubbo.qos.server.Server       :  [DUBBO] qos-server bind localhost:22222, dubbo version: 3.0.9, current host: 192.168.56.1
2025-05-05 13:08:44.936  INFO 31524 --- [           main] o.a.d.remoting.transport.AbstractServer  :  [DUBBO] Start NettyServer bind /0.0.0.0:20880, export /192.168.56.1:20880, dubbo version: 3.0.9, current host: 192.168.56.1
2025-05-05 13:08:44.970  INFO 31524 --- [           main] o.a.d.r.client.ServiceDiscoveryRegistry  :  [DUBBO] Loaded registry cache file C:\Users\86150\.dubbo\dubbo-registry-dubbo-springboot-demo-provider-localhost-8848.cache, dubbo version: 3.0.9, current host: 192.168.56.1
2025-05-05 13:08:44.984  INFO 31524 --- [           main] o.a.d.r.c.m.store.MetaCacheManager       :  [DUBBO] Successfully loaded mapping cache from file .metadata.nacoslocalhost:8848, entries 1, dubbo version: 3.0.9, current host: 192.168.56.1
2025-05-05 13:08:45.016 ERROR 31524 --- [           main] o.a.d.r.c.m.store.MetaCacheManager       :  [DUBBO] Load mapping from local cache file error , dubbo version: 3.0.9, current host: 192.168.56.1

com.alibaba.fastjson.JSONException: set property error, org.apache.dubbo.metadata.MetadataInfo$ServiceInfo#allParams
	at com.alibaba.fastjson.parser.deserializer.FieldDeserializer.setValue(FieldDeserializer.java:217) ~[fastjson-1.2.76.jar:na]
	at com.alibaba.fastjson.parser.deserializer.DefaultFieldDeserializer.parseField(DefaultFieldDeserializer.java:126) ~[fastjson-1.2.76.jar:na]
	at com.alibaba.fastjson.parser.deserializer.JavaBeanDeserializer.deserialze(JavaBeanDeserializer.java:862) ~[fastjson-1.2.76.jar:na]
	at com.alibaba.fastjson.parser.deserializer.JavaBeanDeserializer.deserialze(JavaBeanDeserializer.java:295) ~[fastjson-1.2.76.jar:na]
	at com.alibaba.fastjson.parser.DefaultJSONParser.parseObject(DefaultJSONParser.java:706) ~[fastjson-1.2.76.jar:na]
	at com.alibaba.fastjson.parser.deserializer.MapDeserializer.parseMap(MapDeserializer.java:224) ~[fastjson-1.2.76.jar:na]
	at com.alibaba.fastjson.parser.deserializer.MapDeserializer.deserialze(MapDeserializer.java:69) ~[fastjson-1.2.76.jar:na]
	at com.alibaba.fastjson.parser.deserializer.MapDeserializer.deserialze(MapDeserializer.java:43) ~[fastjson-1.2.76.jar:na]
	at com.alibaba.fastjson.parser.deserializer.ContextObjectDeserializer.deserialze(ContextObjectDeserializer.java:9) ~[fastjson-1.2.76.jar:na]
	at com.alibaba.fastjson.parser.deserializer.DefaultFieldDeserializer.parseField(DefaultFieldDeserializer.java:88) ~[fastjson-1.2.76.jar:na]
	at com.alibaba.fastjson.parser.deserializer.JavaBeanDeserializer.deserialze(JavaBeanDeserializer.java:862) ~[fastjson-1.2.76.jar:na]
	at com.alibaba.fastjson.parser.deserializer.JavaBeanDeserializer.deserialze(JavaBeanDeserializer.java:295) ~[fastjson-1.2.76.jar:na]
	at com.alibaba.fastjson.parser.DefaultJSONParser.parseObject(DefaultJSONParser.java:706) ~[fastjson-1.2.76.jar:na]
	at com.alibaba.fastjson.JSON.parseObject(JSON.java:394) ~[fastjson-1.2.76.jar:na]
	at com.alibaba.fastjson.JSON.parseObject(JSON.java:362) ~[fastjson-1.2.76.jar:na]
	at com.alibaba.fastjson.JSON.parseObject(JSON.java:325) ~[fastjson-1.2.76.jar:na]
	at org.apache.dubbo.common.json.impl.FastJsonImpl.toJavaObject(FastJsonImpl.java:39) ~[dubbo-3.0.9.jar:3.0.9]
	at org.apache.dubbo.registry.client.metadata.store.MetaCacheManager.toValueType(MetaCacheManager.java:69) [dubbo-3.0.9.jar:3.0.9]
	at org.apache.dubbo.registry.client.metadata.store.MetaCacheManager.toValueType(MetaCacheManager.java:31) [dubbo-3.0.9.jar:3.0.9]
	at org.apache.dubbo.metadata.AbstractCacheManager.init(AbstractCacheManager.java:53) ~[dubbo-3.0.9.jar:3.0.9]
	at org.apache.dubbo.registry.client.metadata.store.MetaCacheManager.<init>(MetaCacheManager.java:59) [dubbo-3.0.9.jar:3.0.9]
	at org.apache.dubbo.registry.client.AbstractServiceDiscovery.<init>(AbstractServiceDiscovery.java:86) [dubbo-3.0.9.jar:3.0.9]
	at org.apache.dubbo.registry.client.AbstractServiceDiscovery.<init>(AbstractServiceDiscovery.java:67) [dubbo-3.0.9.jar:3.0.9]
	at org.apache.dubbo.registry.nacos.NacosServiceDiscovery.<init>(NacosServiceDiscovery.java:59) [dubbo-3.0.9.jar:3.0.9]
	at org.apache.dubbo.registry.nacos.NacosServiceDiscoveryFactory.createDiscovery(NacosServiceDiscoveryFactory.java:27) [dubbo-3.0.9.jar:3.0.9]
	at org.apache.dubbo.registry.client.AbstractServiceDiscoveryFactory.lambda$getServiceDiscovery$0(AbstractServiceDiscoveryFactory.java:53) [dubbo-3.0.9.jar:3.0.9]
	at java.util.concurrent.ConcurrentHashMap.computeIfAbsent(ConcurrentHashMap.java:1660) ~[na:1.8.0_221]
	at org.apache.dubbo.registry.client.AbstractServiceDiscoveryFactory.getServiceDiscovery(AbstractServiceDiscoveryFactory.java:53) [dubbo-3.0.9.jar:3.0.9]
	at org.apache.dubbo.registry.client.ServiceDiscoveryRegistry.getServiceDiscovery(ServiceDiscoveryRegistry.java:122) ~[dubbo-3.0.9.jar:3.0.9]
	at org.apache.dubbo.registry.client.ServiceDiscoveryRegistry.createServiceDiscovery(ServiceDiscoveryRegistry.java:109) ~[dubbo-3.0.9.jar:3.0.9]
	at org.apache.dubbo.registry.client.ServiceDiscoveryRegistry.<init>(ServiceDiscoveryRegistry.java:86) ~[dubbo-3.0.9.jar:3.0.9]
	at org.apache.dubbo.registry.client.ServiceDiscoveryRegistryFactory.createRegistry(ServiceDiscoveryRegistryFactory.java:35) ~[dubbo-3.0.9.jar:3.0.9]
	at org.apache.dubbo.registry.support.AbstractRegistryFactory.getRegistry(AbstractRegistryFactory.java:89) ~[dubbo-3.0.9.jar:3.0.9]
	at org.apache.dubbo.registry.RegistryFactoryWrapper.getRegistry(RegistryFactoryWrapper.java:33) ~[dubbo-3.0.9.jar:3.0.9]
	at org.apache.dubbo.registry.RegistryFactory$Adaptive.getRegistry(RegistryFactory$Adaptive.java) ~[dubbo-3.0.9.jar:3.0.9]
	at org.apache.dubbo.registry.integration.RegistryProtocol.getRegistry(RegistryProtocol.java:393) ~[dubbo-3.0.9.jar:3.0.9]
	at org.apache.dubbo.registry.integration.RegistryProtocol.export(RegistryProtocol.java:242) ~[dubbo-3.0.9.jar:3.0.9]
	at org.apache.dubbo.qos.protocol.QosProtocolWrapper.export(QosProtocolWrapper.java:74) ~[dubbo-3.0.9.jar:3.0.9]
	at org.apache.dubbo.rpc.protocol.ProtocolListenerWrapper.export(ProtocolListenerWrapper.java:64) ~[dubbo-3.0.9.jar:3.0.9]
	at org.apache.dubbo.rpc.cluster.filter.ProtocolFilterWrapper.export(ProtocolFilterWrapper.java:58) ~[dubbo-3.0.9.jar:3.0.9]
	at org.apache.dubbo.rpc.protocol.ProtocolSerializationWrapper.export(ProtocolSerializationWrapper.java:47) ~[dubbo-3.0.9.jar:3.0.9]
	at org.apache.dubbo.rpc.Protocol$Adaptive.export(Protocol$Adaptive.java) ~[dubbo-3.0.9.jar:3.0.9]
	at org.apache.dubbo.config.ServiceConfig.doExportUrl(ServiceConfig.java:641) ~[dubbo-3.0.9.jar:3.0.9]
	at org.apache.dubbo.config.ServiceConfig.exportRemote(ServiceConfig.java:619) ~[dubbo-3.0.9.jar:3.0.9]
	at org.apache.dubbo.config.ServiceConfig.exportUrl(ServiceConfig.java:578) ~[dubbo-3.0.9.jar:3.0.9]
	at org.apache.dubbo.config.ServiceConfig.doExportUrlsFor1Protocol(ServiceConfig.java:410) ~[dubbo-3.0.9.jar:3.0.9]
	at org.apache.dubbo.config.ServiceConfig.doExportUrls(ServiceConfig.java:396) ~[dubbo-3.0.9.jar:3.0.9]
	at org.apache.dubbo.config.ServiceConfig.doExport(ServiceConfig.java:361) ~[dubbo-3.0.9.jar:3.0.9]
	at org.apache.dubbo.config.ServiceConfig.export(ServiceConfig.java:233) ~[dubbo-3.0.9.jar:3.0.9]
	at org.apache.dubbo.config.deploy.DefaultModuleDeployer.exportServiceInternal(DefaultModuleDeployer.java:341) ~[dubbo-3.0.9.jar:3.0.9]
	at org.apache.dubbo.config.deploy.DefaultModuleDeployer.exportServices(DefaultModuleDeployer.java:313) ~[dubbo-3.0.9.jar:3.0.9]
	at org.apache.dubbo.config.deploy.DefaultModuleDeployer.start(DefaultModuleDeployer.java:145) ~[dubbo-3.0.9.jar:3.0.9]
	at org.apache.dubbo.config.spring.context.DubboDeployApplicationListener.onContextRefreshedEvent(DubboDeployApplicationListener.java:111) ~[dubbo-3.0.9.jar:3.0.9]
	at org.apache.dubbo.config.spring.context.DubboDeployApplicationListener.onApplicationEvent(DubboDeployApplicationListener.java:100) ~[dubbo-3.0.9.jar:3.0.9]
	at org.apache.dubbo.config.spring.context.DubboDeployApplicationListener.onApplicationEvent(DubboDeployApplicationListener.java:45) ~[dubbo-3.0.9.jar:3.0.9]
	at org.springframework.context.event.SimpleApplicationEventMulticaster.doInvokeListener(SimpleApplicationEventMulticaster.java:176) ~[spring-context-5.3.22.jar:5.3.22]
	at org.springframework.context.event.SimpleApplicationEventMulticaster.invokeListener(SimpleApplicationEventMulticaster.java:169) ~[spring-context-5.3.22.jar:5.3.22]
	at org.springframework.context.event.SimpleApplicationEventMulticaster.multicastEvent(SimpleApplicationEventMulticaster.java:143) ~[spring-context-5.3.22.jar:5.3.22]
	at org.springframework.context.support.AbstractApplicationContext.publishEvent(AbstractApplicationContext.java:421) ~[spring-context-5.3.22.jar:5.3.22]
	at org.springframework.context.support.AbstractApplicationContext.publishEvent(AbstractApplicationContext.java:378) ~[spring-context-5.3.22.jar:5.3.22]
	at org.springframework.context.support.AbstractApplicationContext.finishRefresh(AbstractApplicationContext.java:938) ~[spring-context-5.3.22.jar:5.3.22]
	at org.springframework.context.support.AbstractApplicationContext.refresh(AbstractApplicationContext.java:586) ~[spring-context-5.3.22.jar:5.3.22]
	at org.springframework.boot.SpringApplication.refresh(SpringApplication.java:734) ~[spring-boot-2.7.2.jar:2.7.2]
	at org.springframework.boot.SpringApplication.refreshContext(SpringApplication.java:408) ~[spring-boot-2.7.2.jar:2.7.2]
	at org.springframework.boot.SpringApplication.run(SpringApplication.java:308) ~[spring-boot-2.7.2.jar:2.7.2]
	at org.springframework.boot.test.context.SpringBootContextLoader.loadContext(SpringBootContextLoader.java:132) ~[spring-boot-test-2.7.2.jar:2.7.2]
	at org.springframework.test.context.cache.DefaultCacheAwareContextLoaderDelegate.loadContextInternal(DefaultCacheAwareContextLoaderDelegate.java:99) ~[spring-test-5.3.22.jar:5.3.22]
	at org.springframework.test.context.cache.DefaultCacheAwareContextLoaderDelegate.loadContext(DefaultCacheAwareContextLoaderDelegate.java:124) ~[spring-test-5.3.22.jar:5.3.22]
	at org.springframework.test.context.support.DefaultTestContext.getApplicationContext(DefaultTestContext.java:124) ~[spring-test-5.3.22.jar:5.3.22]
	at org.springframework.test.context.web.ServletTestExecutionListener.setUpRequestContextIfNecessary(ServletTestExecutionListener.java:190) ~[spring-test-5.3.22.jar:5.3.22]
	at org.springframework.test.context.web.ServletTestExecutionListener.prepareTestInstance(ServletTestExecutionListener.java:132) ~[spring-test-5.3.22.jar:5.3.22]
	at org.springframework.test.context.TestContextManager.prepareTestInstance(TestContextManager.java:248) ~[spring-test-5.3.22.jar:5.3.22]
	at org.springframework.test.context.junit.jupiter.SpringExtension.postProcessTestInstance(SpringExtension.java:138) ~[spring-test-5.3.22.jar:5.3.22]
	at org.junit.jupiter.engine.descriptor.ClassBasedTestDescriptor.lambda$invokeTestInstancePostProcessors$8(ClassBasedTestDescriptor.java:363) ~[junit-jupiter-engine-5.8.2.jar:5.8.2]
	at org.junit.jupiter.engine.descriptor.ClassBasedTestDescriptor.executeAndMaskThrowable(ClassBasedTestDescriptor.java:368) ~[junit-jupiter-engine-5.8.2.jar:5.8.2]
	at org.junit.jupiter.engine.descriptor.ClassBasedTestDescriptor.lambda$invokeTestInstancePostProcessors$9(ClassBasedTestDescriptor.java:363) ~[junit-jupiter-engine-5.8.2.jar:5.8.2]
	at java.util.stream.ReferencePipeline$3$1.accept(ReferencePipeline.java:193) ~[na:1.8.0_221]
	at java.util.stream.ReferencePipeline$2$1.accept(ReferencePipeline.java:175) ~[na:1.8.0_221]
	at java.util.ArrayList$ArrayListSpliterator.forEachRemaining(ArrayList.java:1382) ~[na:1.8.0_221]
	at java.util.stream.AbstractPipeline.copyInto(AbstractPipeline.java:482) ~[na:1.8.0_221]
	at java.util.stream.AbstractPipeline.wrapAndCopyInto(AbstractPipeline.java:472) ~[na:1.8.0_221]
	at java.util.stream.StreamSpliterators$WrappingSpliterator.forEachRemaining(StreamSpliterators.java:312) ~[na:1.8.0_221]
	at java.util.stream.Streams$ConcatSpliterator.forEachRemaining(Streams.java:743) ~[na:1.8.0_221]
	at java.util.stream.Streams$ConcatSpliterator.forEachRemaining(Streams.java:742) ~[na:1.8.0_221]
	at java.util.stream.ReferencePipeline$Head.forEach(ReferencePipeline.java:580) ~[na:1.8.0_221]
	at org.junit.jupiter.engine.descriptor.ClassBasedTestDescriptor.invokeTestInstancePostProcessors(ClassBasedTestDescriptor.java:362) ~[junit-jupiter-engine-5.8.2.jar:5.8.2]
	at org.junit.jupiter.engine.descriptor.ClassBasedTestDescriptor.lambda$instantiateAndPostProcessTestInstance$6(ClassBasedTestDescriptor.java:283) ~[junit-jupiter-engine-5.8.2.jar:5.8.2]
	at org.junit.platform.engine.support.hierarchical.ThrowableCollector.execute(ThrowableCollector.java:73) ~[junit-platform-engine-1.8.2.jar:1.8.2]
	at org.junit.jupiter.engine.descriptor.ClassBasedTestDescriptor.instantiateAndPostProcessTestInstance(ClassBasedTestDescriptor.java:282) ~[junit-jupiter-engine-5.8.2.jar:5.8.2]
	at org.junit.jupiter.engine.descriptor.ClassBasedTestDescriptor.lambda$testInstancesProvider$4(ClassBasedTestDescriptor.java:272) ~[junit-jupiter-engine-5.8.2.jar:5.8.2]
	at java.util.Optional.orElseGet(Optional.java:267) ~[na:1.8.0_221]
	at org.junit.jupiter.engine.descriptor.ClassBasedTestDescriptor.lambda$testInstancesProvider$5(ClassBasedTestDescriptor.java:271) ~[junit-jupiter-engine-5.8.2.jar:5.8.2]
	at org.junit.jupiter.engine.execution.TestInstancesProvider.getTestInstances(TestInstancesProvider.java:31) ~[junit-jupiter-engine-5.8.2.jar:5.8.2]
	at org.junit.jupiter.engine.descriptor.TestMethodTestDescriptor.lambda$prepare$0(TestMethodTestDescriptor.java:102) ~[junit-jupiter-engine-5.8.2.jar:5.8.2]
	at org.junit.platform.engine.support.hierarchical.ThrowableCollector.execute(ThrowableCollector.java:73) ~[junit-platform-engine-1.8.2.jar:1.8.2]
	at org.junit.jupiter.engine.descriptor.TestMethodTestDescriptor.prepare(TestMethodTestDescriptor.java:101) ~[junit-jupiter-engine-5.8.2.jar:5.8.2]
	at org.junit.jupiter.engine.descriptor.TestMethodTestDescriptor.prepare(TestMethodTestDescriptor.java:66) ~[junit-jupiter-engine-5.8.2.jar:5.8.2]
	at org.junit.platform.engine.support.hierarchical.NodeTestTask.lambda$prepare$2(NodeTestTask.java:123) ~[junit-platform-engine-1.8.2.jar:1.8.2]
	at org.junit.platform.engine.support.hierarchical.ThrowableCollector.execute(ThrowableCollector.java:73) ~[junit-platform-engine-1.8.2.jar:1.8.2]
	at org.junit.platform.engine.support.hierarchical.NodeTestTask.prepare(NodeTestTask.java:123) ~[junit-platform-engine-1.8.2.jar:1.8.2]
	at org.junit.platform.engine.support.hierarchical.NodeTestTask.execute(NodeTestTask.java:90) ~[junit-platform-engine-1.8.2.jar:1.8.2]
	at java.util.ArrayList.forEach(ArrayList.java:1257) ~[na:1.8.0_221]
	at org.junit.platform.engine.support.hierarchical.SameThreadHierarchicalTestExecutorService.invokeAll(SameThreadHierarchicalTestExecutorService.java:41) ~[junit-platform-engine-1.8.2.jar:1.8.2]
	at org.junit.platform.engine.support.hierarchical.NodeTestTask.lambda$executeRecursively$6(NodeTestTask.java:155) ~[junit-platform-engine-1.8.2.jar:1.8.2]
	at org.junit.platform.engine.support.hierarchical.ThrowableCollector.execute(ThrowableCollector.java:73) ~[junit-platform-engine-1.8.2.jar:1.8.2]
	at org.junit.platform.engine.support.hierarchical.NodeTestTask.lambda$executeRecursively$8(NodeTestTask.java:141) ~[junit-platform-engine-1.8.2.jar:1.8.2]
	at org.junit.platform.engine.support.hierarchical.Node.around(Node.java:137) ~[junit-platform-engine-1.8.2.jar:1.8.2]
	at org.junit.platform.engine.support.hierarchical.NodeTestTask.lambda$executeRecursively$9(NodeTestTask.java:139) ~[junit-platform-engine-1.8.2.jar:1.8.2]
	at org.junit.platform.engine.support.hierarchical.ThrowableCollector.execute(ThrowableCollector.java:73) ~[junit-platform-engine-1.8.2.jar:1.8.2]
	at org.junit.platform.engine.support.hierarchical.NodeTestTask.executeRecursively(NodeTestTask.java:138) ~[junit-platform-engine-1.8.2.jar:1.8.2]
	at org.junit.platform.engine.support.hierarchical.NodeTestTask.execute(NodeTestTask.java:95) ~[junit-platform-engine-1.8.2.jar:1.8.2]
	at java.util.ArrayList.forEach(ArrayList.java:1257) ~[na:1.8.0_221]
	at org.junit.platform.engine.support.hierarchical.SameThreadHierarchicalTestExecutorService.invokeAll(SameThreadHierarchicalTestExecutorService.java:41) ~[junit-platform-engine-1.8.2.jar:1.8.2]
	at org.junit.platform.engine.support.hierarchical.NodeTestTask.lambda$executeRecursively$6(NodeTestTask.java:155) ~[junit-platform-engine-1.8.2.jar:1.8.2]
	at org.junit.platform.engine.support.hierarchical.ThrowableCollector.execute(ThrowableCollector.java:73) ~[junit-platform-engine-1.8.2.jar:1.8.2]
	at org.junit.platform.engine.support.hierarchical.NodeTestTask.lambda$executeRecursively$8(NodeTestTask.java:141) ~[junit-platform-engine-1.8.2.jar:1.8.2]
	at org.junit.platform.engine.support.hierarchical.Node.around(Node.java:137) ~[junit-platform-engine-1.8.2.jar:1.8.2]
	at org.junit.platform.engine.support.hierarchical.NodeTestTask.lambda$executeRecursively$9(NodeTestTask.java:139) ~[junit-platform-engine-1.8.2.jar:1.8.2]
	at org.junit.platform.engine.support.hierarchical.ThrowableCollector.execute(ThrowableCollector.java:73) ~[junit-platform-engine-1.8.2.jar:1.8.2]
	at org.junit.platform.engine.support.hierarchical.NodeTestTask.executeRecursively(NodeTestTask.java:138) ~[junit-platform-engine-1.8.2.jar:1.8.2]
	at org.junit.platform.engine.support.hierarchical.NodeTestTask.execute(NodeTestTask.java:95) ~[junit-platform-engine-1.8.2.jar:1.8.2]
	at org.junit.platform.engine.support.hierarchical.SameThreadHierarchicalTestExecutorService.submit(SameThreadHierarchicalTestExecutorService.java:35) ~[junit-platform-engine-1.8.2.jar:1.8.2]
	at org.junit.platform.engine.support.hierarchical.HierarchicalTestExecutor.execute(HierarchicalTestExecutor.java:57) ~[junit-platform-engine-1.8.2.jar:1.8.2]
	at org.junit.platform.engine.support.hierarchical.HierarchicalTestEngine.execute(HierarchicalTestEngine.java:54) ~[junit-platform-engine-1.8.2.jar:1.8.2]
	at org.junit.platform.launcher.core.EngineExecutionOrchestrator.execute(EngineExecutionOrchestrator.java:107) ~[junit-platform-launcher-1.8.2.jar:1.8.2]
	at org.junit.platform.launcher.core.EngineExecutionOrchestrator.execute(EngineExecutionOrchestrator.java:88) ~[junit-platform-launcher-1.8.2.jar:1.8.2]
	at org.junit.platform.launcher.core.EngineExecutionOrchestrator.lambda$execute$0(EngineExecutionOrchestrator.java:54) ~[junit-platform-launcher-1.8.2.jar:1.8.2]
	at org.junit.platform.launcher.core.EngineExecutionOrchestrator.withInterceptedStreams(EngineExecutionOrchestrator.java:67) ~[junit-platform-launcher-1.8.2.jar:1.8.2]
	at org.junit.platform.launcher.core.EngineExecutionOrchestrator.execute(EngineExecutionOrchestrator.java:52) ~[junit-platform-launcher-1.8.2.jar:1.8.2]
	at org.junit.platform.launcher.core.DefaultLauncher.execute(DefaultLauncher.java:114) ~[junit-platform-launcher-1.8.2.jar:1.8.2]
	at org.junit.platform.launcher.core.DefaultLauncher.execute(DefaultLauncher.java:86) ~[junit-platform-launcher-1.8.2.jar:1.8.2]
	at org.junit.platform.launcher.core.DefaultLauncherSession$DelegatingLauncher.execute(DefaultLauncherSession.java:86) ~[junit-platform-launcher-1.8.2.jar:1.8.2]
	at org.apache.maven.surefire.junitplatform.LazyLauncher.execute(LazyLauncher.java:56) ~[surefire-junit-platform-3.2.5.jar:3.2.5]
	at org.apache.maven.surefire.junitplatform.JUnitPlatformProvider.execute(JUnitPlatformProvider.java:184) ~[surefire-junit-platform-3.2.5.jar:3.2.5]
	at org.apache.maven.surefire.junitplatform.JUnitPlatformProvider.invokeAllTests(JUnitPlatformProvider.java:148) ~[surefire-junit-platform-3.2.5.jar:3.2.5]
	at org.apache.maven.surefire.junitplatform.JUnitPlatformProvider.invoke(JUnitPlatformProvider.java:122) ~[surefire-junit-platform-3.2.5.jar:3.2.5]
	at org.apache.maven.surefire.booter.ForkedBooter.runSuitesInProcess(ForkedBooter.java:385) ~[surefire-booter-3.2.5.jar:3.2.5]
	at org.apache.maven.surefire.booter.ForkedBooter.execute(ForkedBooter.java:162) ~[surefire-booter-3.2.5.jar:3.2.5]
	at org.apache.maven.surefire.booter.ForkedBooter.run(ForkedBooter.java:507) ~[surefire-booter-3.2.5.jar:3.2.5]
	at org.apache.maven.surefire.booter.ForkedBooter.main(ForkedBooter.java:495) ~[surefire-booter-3.2.5.jar:3.2.5]
Caused by: java.lang.NoSuchMethodException: org.apache.dubbo.metadata.MetadataInfo$ServiceInfo.setAllParams(java.util.Map)
	at java.lang.Class.getDeclaredMethod(Class.java:2130) ~[na:1.8.0_221]
	at com.alibaba.fastjson.parser.deserializer.FieldDeserializer.degradeValueAssignment(FieldDeserializer.java:228) ~[fastjson-1.2.76.jar:na]
	at com.alibaba.fastjson.parser.deserializer.FieldDeserializer.setValue(FieldDeserializer.java:125) ~[fastjson-1.2.76.jar:na]
	... 139 common frames omitted

2025-05-05 13:08:45.046  INFO 31524 --- [           main] c.a.n.p.a.s.c.ClientAuthPluginManager    : [ClientAuthPluginManager] Load ClientAuthService com.alibaba.nacos.client.auth.impl.NacosClientAuthServiceImpl success.
2025-05-05 13:08:45.047  INFO 31524 --- [           main] c.a.n.p.a.s.c.ClientAuthPluginManager    : [ClientAuthPluginManager] Load ClientAuthService com.alibaba.nacos.client.auth.ram.RamClientAuthServiceImpl success.
2025-05-05 13:08:45.188  INFO 31524 --- [           main] o.a.dubbo.metadata.MappingCacheManager   :  [DUBBO] Successfully loaded mapping cache from file .mapping, entries 8, dubbo version: 3.0.9, current host: 192.168.56.1
2025-05-05 13:08:45.198  INFO 31524 --- [           main] o.a.d.r.c.m.MigrationRuleListener        :  [DUBBO] Listening for migration rules on dataId dubbo-springboot-demo-provider.migration, group DUBBO_SERVICEDISCOVERY_MIGRATION, dubbo version: 3.0.9, current host: 192.168.56.1
2025-05-05 13:08:45.205  INFO 31524 --- [           main] org.apache.dubbo.config.ServiceConfig    :  [DUBBO] Register dubbo service top.panyuwen.gigotapicommon.service.InnerInterfaceInfoService url dubbo://192.168.56.1:20880/top.panyuwen.gigotapicommon.service.InnerInterfaceInfoService?anyhost=true&application=dubbo-springboot-demo-provider&background=false&bind.ip=192.168.56.1&bind.port=20880&deprecated=false&dubbo=2.0.2&dynamic=true&generic=false&interface=top.panyuwen.gigotapicommon.service.InnerInterfaceInfoService&methods=getInterfaceInfo&pid=31524&release=3.0.9&revision=0.0.2&service-name-mapping=true&side=provider&timestamp=1746421724749 to registry localhost:8848, dubbo version: 3.0.9, current host: 192.168.56.1
2025-05-05 13:08:45.221  INFO 31524 --- [           main] c.a.n.p.a.s.c.ClientAuthPluginManager    : [ClientAuthPluginManager] Load ClientAuthService com.alibaba.nacos.client.auth.impl.NacosClientAuthServiceImpl success.
2025-05-05 13:08:45.221  INFO 31524 --- [           main] c.a.n.p.a.s.c.ClientAuthPluginManager    : [ClientAuthPluginManager] Load ClientAuthService com.alibaba.nacos.client.auth.ram.RamClientAuthServiceImpl success.
2025-05-05 13:08:45.335  INFO 31524 --- [           main] o.a.dubbo.registry.nacos.NacosRegistry   :  [DUBBO] Loaded registry cache file C:\Users\86150\.dubbo\dubbo-registry-dubbo-springboot-demo-provider-localhost-8848.cache, dubbo version: 3.0.9, current host: 192.168.56.1
2025-05-05 13:08:45.336  INFO 31524 --- [           main] o.a.dubbo.registry.nacos.NacosRegistry   :  [DUBBO] Register: dubbo://192.168.56.1:20880/top.panyuwen.gigotapicommon.service.InnerInterfaceInfoService?anyhost=true&application=dubbo-springboot-demo-provider&background=false&deprecated=false&dubbo=2.0.2&dynamic=true&generic=false&interface=top.panyuwen.gigotapicommon.service.InnerInterfaceInfoService&methods=getInterfaceInfo&pid=31524&release=3.0.9&revision=0.0.2&service-name-mapping=true&side=provider&timestamp=1746421724749, dubbo version: 3.0.9, current host: 192.168.56.1
2025-05-05 13:08:45.348  INFO 31524 --- [           main] o.a.dubbo.registry.nacos.NacosRegistry   :  [DUBBO] Subscribe: provider://192.168.56.1:20880/top.panyuwen.gigotapicommon.service.InnerInterfaceInfoService?anyhost=true&application=dubbo-springboot-demo-provider&background=false&bind.ip=192.168.56.1&bind.port=20880&category=configurators&check=false&deprecated=false&dubbo=2.0.2&dynamic=true&generic=false&interface=top.panyuwen.gigotapicommon.service.InnerInterfaceInfoService&methods=getInterfaceInfo&pid=31524&release=3.0.9&revision=0.0.2&service-name-mapping=true&side=provider&timestamp=1746421724749, dubbo version: 3.0.9, current host: 192.168.56.1
2025-05-05 13:08:45.388  WARN 31524 --- [           main] o.a.dubbo.registry.nacos.NacosRegistry   :  [DUBBO] Ignore empty notify urls for subscribe url provider://192.168.56.1:20880/top.panyuwen.gigotapicommon.service.InnerInterfaceInfoService?anyhost=true&application=dubbo-springboot-demo-provider&background=false&bind.ip=192.168.56.1&bind.port=20880&category=configurators&check=false&deprecated=false&dubbo=2.0.2&dynamic=true&generic=false&interface=top.panyuwen.gigotapicommon.service.InnerInterfaceInfoService&methods=getInterfaceInfo&pid=31524&release=3.0.9&revision=0.0.2&service-name-mapping=true&side=provider&timestamp=1746421724749, dubbo version: 3.0.9, current host: 192.168.56.1
2025-05-05 13:08:45.400  INFO 31524 --- [Report-thread-1] o.a.d.m.store.nacos.NacosMetadataReport  :  [DUBBO] store provider metadata. Identifier : org.apache.dubbo.metadata.report.identifier.MetadataIdentifier@3b79061f; definition: FullServiceDefinition{parameters=org.apache.dubbo.common.url.component.URLParam$URLParamMap@600c8463} ServiceDefinition [canonicalName=top.panyuwen.gigotapicommon.service.InnerInterfaceInfoService, codeSource=gigotapi-common-0.0.2.jar, methods=[MethodDefinition [name=getInterfaceInfo, parameterTypes=[java.lang.String, java.lang.String], returnType=top.panyuwen.gigotapicommon.model.entity.InterfaceInfo]]], dubbo version: 3.0.9, current host: 192.168.56.1
2025-05-05 13:08:45.527  INFO 31524 --- [           main] org.apache.dubbo.config.ServiceConfig    :  [DUBBO] Successfully registered interface application mapping for service top.panyuwen.gigotapicommon.service.InnerInterfaceInfoService, dubbo version: 3.0.9, current host: 192.168.56.1
2025-05-05 13:08:45.543  INFO 31524 --- [           main] org.apache.dubbo.config.ServiceConfig    :  [DUBBO] Export dubbo service top.panyuwen.gigotapicommon.service.InnerUserInterfaceInfoService to local registry url : injvm://127.0.0.1/top.panyuwen.gigotapicommon.service.InnerUserInterfaceInfoService?anyhost=true&application=dubbo-springboot-demo-provider&background=false&bind.ip=192.168.56.1&bind.port=20880&deprecated=false&dubbo=2.0.2&dynamic=true&generic=false&interface=top.panyuwen.gigotapicommon.service.InnerUserInterfaceInfoService&methods=invoke&pid=31524&release=3.0.9&revision=0.0.2&side=provider&timestamp=1746421725529, dubbo version: 3.0.9, current host: 192.168.56.1
2025-05-05 13:08:45.544  INFO 31524 --- [           main] org.apache.dubbo.config.ServiceConfig    :  [DUBBO] Register dubbo service top.panyuwen.gigotapicommon.service.InnerUserInterfaceInfoService url dubbo://192.168.56.1:20880/top.panyuwen.gigotapicommon.service.InnerUserInterfaceInfoService?anyhost=true&application=dubbo-springboot-demo-provider&background=false&bind.ip=192.168.56.1&bind.port=20880&deprecated=false&dubbo=2.0.2&dynamic=true&generic=false&interface=top.panyuwen.gigotapicommon.service.InnerUserInterfaceInfoService&methods=invoke&pid=31524&release=3.0.9&revision=0.0.2&service-name-mapping=true&side=provider&timestamp=1746421725529 to registry localhost:8848, dubbo version: 3.0.9, current host: 192.168.56.1
2025-05-05 13:08:45.552  INFO 31524 --- [           main] org.apache.dubbo.config.ServiceConfig    :  [DUBBO] Register dubbo service top.panyuwen.gigotapicommon.service.InnerUserInterfaceInfoService url dubbo://192.168.56.1:20880/top.panyuwen.gigotapicommon.service.InnerUserInterfaceInfoService?anyhost=true&application=dubbo-springboot-demo-provider&background=false&bind.ip=192.168.56.1&bind.port=20880&deprecated=false&dubbo=2.0.2&dynamic=true&generic=false&interface=top.panyuwen.gigotapicommon.service.InnerUserInterfaceInfoService&methods=invoke&pid=31524&release=3.0.9&revision=0.0.2&service-name-mapping=true&side=provider&timestamp=1746421725529 to registry localhost:8848, dubbo version: 3.0.9, current host: 192.168.56.1
2025-05-05 13:08:45.753  INFO 31524 --- [           main] o.a.dubbo.registry.nacos.NacosRegistry   :  [DUBBO] Register: dubbo://192.168.56.1:20880/top.panyuwen.gigotapicommon.service.InnerUserInterfaceInfoService?anyhost=true&application=dubbo-springboot-demo-provider&background=false&deprecated=false&dubbo=2.0.2&dynamic=true&generic=false&interface=top.panyuwen.gigotapicommon.service.InnerUserInterfaceInfoService&methods=invoke&pid=31524&release=3.0.9&revision=0.0.2&service-name-mapping=true&side=provider&timestamp=1746421725529, dubbo version: 3.0.9, current host: 192.168.56.1
2025-05-05 13:08:45.757  INFO 31524 --- [           main] o.a.dubbo.registry.nacos.NacosRegistry   :  [DUBBO] Subscribe: provider://192.168.56.1:20880/top.panyuwen.gigotapicommon.service.InnerUserInterfaceInfoService?anyhost=true&application=dubbo-springboot-demo-provider&background=false&bind.ip=192.168.56.1&bind.port=20880&category=configurators&check=false&deprecated=false&dubbo=2.0.2&dynamic=true&generic=false&interface=top.panyuwen.gigotapicommon.service.InnerUserInterfaceInfoService&methods=invoke&pid=31524&release=3.0.9&revision=0.0.2&service-name-mapping=true&side=provider&timestamp=1746421725529, dubbo version: 3.0.9, current host: 192.168.56.1
2025-05-05 13:08:45.786  WARN 31524 --- [           main] o.a.dubbo.registry.nacos.NacosRegistry   :  [DUBBO] Ignore empty notify urls for subscribe url provider://192.168.56.1:20880/top.panyuwen.gigotapicommon.service.InnerUserInterfaceInfoService?anyhost=true&application=dubbo-springboot-demo-provider&background=false&bind.ip=192.168.56.1&bind.port=20880&category=configurators&check=false&deprecated=false&dubbo=2.0.2&dynamic=true&generic=false&interface=top.panyuwen.gigotapicommon.service.InnerUserInterfaceInfoService&methods=invoke&pid=31524&release=3.0.9&revision=0.0.2&service-name-mapping=true&side=provider&timestamp=1746421725529, dubbo version: 3.0.9, current host: 192.168.56.1
2025-05-05 13:08:45.787  INFO 31524 --- [Report-thread-1] o.a.d.m.store.nacos.NacosMetadataReport  :  [DUBBO] store provider metadata. Identifier : org.apache.dubbo.metadata.report.identifier.MetadataIdentifier@5294ac04; definition: FullServiceDefinition{parameters=org.apache.dubbo.common.url.component.URLParam$URLParamMap@562bed39} ServiceDefinition [canonicalName=top.panyuwen.gigotapicommon.service.InnerUserInterfaceInfoService, codeSource=gigotapi-common-0.0.2.jar, methods=[MethodDefinition [name=invoke, parameterTypes=[java.lang.Long, java.lang.Long], returnType=boolean]]], dubbo version: 3.0.9, current host: 192.168.56.1
2025-05-05 13:08:45.799  INFO 31524 --- [           main] org.apache.dubbo.config.ServiceConfig    :  [DUBBO] Successfully registered interface application mapping for service top.panyuwen.gigotapicommon.service.InnerUserInterfaceInfoService, dubbo version: 3.0.9, current host: 192.168.56.1
2025-05-05 13:08:45.823  INFO 31524 --- [           main] org.apache.dubbo.config.ServiceConfig    :  [DUBBO] Export dubbo service top.panyuwen.gigotapicommon.service.InnerInterfaceLogService to local registry url : injvm://127.0.0.1/top.panyuwen.gigotapicommon.service.InnerInterfaceLogService?anyhost=true&application=dubbo-springboot-demo-provider&background=false&bind.ip=192.168.56.1&bind.port=20880&deprecated=false&dubbo=2.0.2&dynamic=true&generic=false&interface=top.panyuwen.gigotapicommon.service.InnerInterfaceLogService&methods=save&pid=31524&release=3.0.9&revision=0.0.2&side=provider&timestamp=1746421725805, dubbo version: 3.0.9, current host: 192.168.56.1
2025-05-05 13:08:45.826  INFO 31524 --- [           main] org.apache.dubbo.config.ServiceConfig    :  [DUBBO] Register dubbo service top.panyuwen.gigotapicommon.service.InnerInterfaceLogService url dubbo://192.168.56.1:20880/top.panyuwen.gigotapicommon.service.InnerInterfaceLogService?anyhost=true&application=dubbo-springboot-demo-provider&background=false&bind.ip=192.168.56.1&bind.port=20880&deprecated=false&dubbo=2.0.2&dynamic=true&generic=false&interface=top.panyuwen.gigotapicommon.service.InnerInterfaceLogService&methods=save&pid=31524&release=3.0.9&revision=0.0.2&service-name-mapping=true&side=provider&timestamp=1746421725805 to registry localhost:8848, dubbo version: 3.0.9, current host: 192.168.56.1
2025-05-05 13:08:45.835  INFO 31524 --- [           main] org.apache.dubbo.config.ServiceConfig    :  [DUBBO] Register dubbo service top.panyuwen.gigotapicommon.service.InnerInterfaceLogService url dubbo://192.168.56.1:20880/top.panyuwen.gigotapicommon.service.InnerInterfaceLogService?anyhost=true&application=dubbo-springboot-demo-provider&background=false&bind.ip=192.168.56.1&bind.port=20880&deprecated=false&dubbo=2.0.2&dynamic=true&generic=false&interface=top.panyuwen.gigotapicommon.service.InnerInterfaceLogService&methods=save&pid=31524&release=3.0.9&revision=0.0.2&service-name-mapping=true&side=provider&timestamp=1746421725805 to registry localhost:8848, dubbo version: 3.0.9, current host: 192.168.56.1
2025-05-05 13:08:46.035  INFO 31524 --- [           main] o.a.dubbo.registry.nacos.NacosRegistry   :  [DUBBO] Register: dubbo://192.168.56.1:20880/top.panyuwen.gigotapicommon.service.InnerInterfaceLogService?anyhost=true&application=dubbo-springboot-demo-provider&background=false&deprecated=false&dubbo=2.0.2&dynamic=true&generic=false&interface=top.panyuwen.gigotapicommon.service.InnerInterfaceLogService&methods=save&pid=31524&release=3.0.9&revision=0.0.2&service-name-mapping=true&side=provider&timestamp=1746421725805, dubbo version: 3.0.9, current host: 192.168.56.1
2025-05-05 13:08:46.040  INFO 31524 --- [           main] o.a.dubbo.registry.nacos.NacosRegistry   :  [DUBBO] Subscribe: provider://192.168.56.1:20880/top.panyuwen.gigotapicommon.service.InnerInterfaceLogService?anyhost=true&application=dubbo-springboot-demo-provider&background=false&bind.ip=192.168.56.1&bind.port=20880&category=configurators&check=false&deprecated=false&dubbo=2.0.2&dynamic=true&generic=false&interface=top.panyuwen.gigotapicommon.service.InnerInterfaceLogService&methods=save&pid=31524&release=3.0.9&revision=0.0.2&service-name-mapping=true&side=provider&timestamp=1746421725805, dubbo version: 3.0.9, current host: 192.168.56.1
2025-05-05 13:08:46.052  WARN 31524 --- [           main] o.a.dubbo.registry.nacos.NacosRegistry   :  [DUBBO] Ignore empty notify urls for subscribe url provider://192.168.56.1:20880/top.panyuwen.gigotapicommon.service.InnerInterfaceLogService?anyhost=true&application=dubbo-springboot-demo-provider&background=false&bind.ip=192.168.56.1&bind.port=20880&category=configurators&check=false&deprecated=false&dubbo=2.0.2&dynamic=true&generic=false&interface=top.panyuwen.gigotapicommon.service.InnerInterfaceLogService&methods=save&pid=31524&release=3.0.9&revision=0.0.2&service-name-mapping=true&side=provider&timestamp=1746421725805, dubbo version: 3.0.9, current host: 192.168.56.1
2025-05-05 13:08:46.053  INFO 31524 --- [Report-thread-1] o.a.d.m.store.nacos.NacosMetadataReport  :  [DUBBO] store provider metadata. Identifier : org.apache.dubbo.metadata.report.identifier.MetadataIdentifier@5dadeb29; definition: FullServiceDefinition{parameters=org.apache.dubbo.common.url.component.URLParam$URLParamMap@5f04dbf3} ServiceDefinition [canonicalName=top.panyuwen.gigotapicommon.service.InnerInterfaceLogService, codeSource=gigotapi-common-0.0.2.jar, methods=[MethodDefinition [name=save, parameterTypes=[top.panyuwen.gigotapicommon.model.entity.InterfaceLog], returnType=boolean]]], dubbo version: 3.0.9, current host: 192.168.56.1
2025-05-05 13:08:46.060  INFO 31524 --- [           main] org.apache.dubbo.config.ServiceConfig    :  [DUBBO] Successfully registered interface application mapping for service top.panyuwen.gigotapicommon.service.InnerInterfaceLogService, dubbo version: 3.0.9, current host: 192.168.56.1
2025-05-05 13:08:46.070  INFO 31524 --- [           main] org.apache.dubbo.config.ServiceConfig    :  [DUBBO] Export dubbo service top.panyuwen.gigotapicommon.service.InnerUserService to local registry url : injvm://127.0.0.1/top.panyuwen.gigotapicommon.service.InnerUserService?anyhost=true&application=dubbo-springboot-demo-provider&background=false&bind.ip=192.168.56.1&bind.port=20880&deprecated=false&dubbo=2.0.2&dynamic=true&generic=false&interface=top.panyuwen.gigotapicommon.service.InnerUserService&methods=getInvokeUser&pid=31524&release=3.0.9&revision=0.0.2&side=provider&timestamp=1746421726063, dubbo version: 3.0.9, current host: 192.168.56.1
2025-05-05 13:08:46.070  INFO 31524 --- [           main] org.apache.dubbo.config.ServiceConfig    :  [DUBBO] Register dubbo service top.panyuwen.gigotapicommon.service.InnerUserService url dubbo://192.168.56.1:20880/top.panyuwen.gigotapicommon.service.InnerUserService?anyhost=true&application=dubbo-springboot-demo-provider&background=false&bind.ip=192.168.56.1&bind.port=20880&deprecated=false&dubbo=2.0.2&dynamic=true&generic=false&interface=top.panyuwen.gigotapicommon.service.InnerUserService&methods=getInvokeUser&pid=31524&release=3.0.9&revision=0.0.2&service-name-mapping=true&side=provider&timestamp=1746421726063 to registry localhost:8848, dubbo version: 3.0.9, current host: 192.168.56.1
2025-05-05 13:08:46.077  INFO 31524 --- [           main] org.apache.dubbo.config.ServiceConfig    :  [DUBBO] Register dubbo service top.panyuwen.gigotapicommon.service.InnerUserService url dubbo://192.168.56.1:20880/top.panyuwen.gigotapicommon.service.InnerUserService?anyhost=true&application=dubbo-springboot-demo-provider&background=false&bind.ip=192.168.56.1&bind.port=20880&deprecated=false&dubbo=2.0.2&dynamic=true&generic=false&interface=top.panyuwen.gigotapicommon.service.InnerUserService&methods=getInvokeUser&pid=31524&release=3.0.9&revision=0.0.2&service-name-mapping=true&side=provider&timestamp=1746421726063 to registry localhost:8848, dubbo version: 3.0.9, current host: 192.168.56.1
2025-05-05 13:08:46.277  INFO 31524 --- [           main] o.a.dubbo.registry.nacos.NacosRegistry   :  [DUBBO] Register: dubbo://192.168.56.1:20880/top.panyuwen.gigotapicommon.service.InnerUserService?anyhost=true&application=dubbo-springboot-demo-provider&background=false&deprecated=false&dubbo=2.0.2&dynamic=true&generic=false&interface=top.panyuwen.gigotapicommon.service.InnerUserService&methods=getInvokeUser&pid=31524&release=3.0.9&revision=0.0.2&service-name-mapping=true&side=provider&timestamp=1746421726063, dubbo version: 3.0.9, current host: 192.168.56.1
2025-05-05 13:08:46.280  INFO 31524 --- [           main] o.a.dubbo.registry.nacos.NacosRegistry   :  [DUBBO] Subscribe: provider://192.168.56.1:20880/top.panyuwen.gigotapicommon.service.InnerUserService?anyhost=true&application=dubbo-springboot-demo-provider&background=false&bind.ip=192.168.56.1&bind.port=20880&category=configurators&check=false&deprecated=false&dubbo=2.0.2&dynamic=true&generic=false&interface=top.panyuwen.gigotapicommon.service.InnerUserService&methods=getInvokeUser&pid=31524&release=3.0.9&revision=0.0.2&service-name-mapping=true&side=provider&timestamp=1746421726063, dubbo version: 3.0.9, current host: 192.168.56.1
2025-05-05 13:08:46.287  WARN 31524 --- [           main] o.a.dubbo.registry.nacos.NacosRegistry   :  [DUBBO] Ignore empty notify urls for subscribe url provider://192.168.56.1:20880/top.panyuwen.gigotapicommon.service.InnerUserService?anyhost=true&application=dubbo-springboot-demo-provider&background=false&bind.ip=192.168.56.1&bind.port=20880&category=configurators&check=false&deprecated=false&dubbo=2.0.2&dynamic=true&generic=false&interface=top.panyuwen.gigotapicommon.service.InnerUserService&methods=getInvokeUser&pid=31524&release=3.0.9&revision=0.0.2&service-name-mapping=true&side=provider&timestamp=1746421726063, dubbo version: 3.0.9, current host: 192.168.56.1
2025-05-05 13:08:46.288  INFO 31524 --- [Report-thread-1] o.a.d.m.store.nacos.NacosMetadataReport  :  [DUBBO] store provider metadata. Identifier : org.apache.dubbo.metadata.report.identifier.MetadataIdentifier@43534504; definition: FullServiceDefinition{parameters=org.apache.dubbo.common.url.component.URLParam$URLParamMap@9944d3b6} ServiceDefinition [canonicalName=top.panyuwen.gigotapicommon.service.InnerUserService, codeSource=gigotapi-common-0.0.2.jar, methods=[MethodDefinition [name=getInvokeUser, parameterTypes=[java.lang.String], returnType=top.panyuwen.gigotapicommon.model.entity.User]]], dubbo version: 3.0.9, current host: 192.168.56.1
2025-05-05 13:08:46.294  INFO 31524 --- [           main] org.apache.dubbo.config.ServiceConfig    :  [DUBBO] Successfully registered interface application mapping for service top.panyuwen.gigotapicommon.service.InnerUserService, dubbo version: 3.0.9, current host: 192.168.56.1
2025-05-05 13:08:46.295  INFO 31524 --- [           main] o.a.d.c.deploy.DefaultModuleDeployer     :  [DUBBO] Dubbo Module[1.1.0] is starting., dubbo version: 3.0.9, current host: 192.168.56.1
2025-05-05 13:08:46.296  INFO 31524 --- [           main] o.a.d.c.deploy.DefaultModuleDeployer     :  [DUBBO] Dubbo Module[1.1.0] has started., dubbo version: 3.0.9, current host: 192.168.56.1
2025-05-05 13:08:46.296  INFO 31524 --- [           main] o.a.d.c.deploy.DefaultModuleDeployer     :  [DUBBO] Dubbo Module[1.1.1] has started., dubbo version: 3.0.9, current host: 192.168.56.1
2025-05-05 13:08:46.300  INFO 31524 --- [           main] .c.m.ConfigurableMetadataServiceExporter :  [DUBBO] Metadata Service Port hasn't been set will use default protocol defined in protocols., dubbo version: 3.0.9, current host: 192.168.56.1
2025-05-05 13:08:46.301  INFO 31524 --- [           main] .c.m.ConfigurableMetadataServiceExporter :  [DUBBO] Using dubbo protocol to export metadata service on port 20880, dubbo version: 3.0.9, current host: 192.168.56.1
2025-05-05 13:08:46.339  INFO 31524 --- [           main] org.apache.dubbo.config.ServiceConfig    :  [DUBBO] Export dubbo service org.apache.dubbo.metadata.MetadataService to local registry url : injvm://127.0.0.1/org.apache.dubbo.metadata.MetadataService?anyhost=true&application=dubbo-springboot-demo-provider&background=false&bind.ip=192.168.56.1&bind.port=20880&connections=1&corethreads=2&delay=0&deprecated=false&dubbo=2.0.2&dynamic=true&executes=100&generic=false&getAndListenInstanceMetadata.1.callback=true&getAndListenInstanceMetadata.return=true&getAndListenInstanceMetadata.sent=true&group=dubbo-springboot-demo-provider&interface=org.apache.dubbo.metadata.MetadataService&methods=getMetadataURL,isMetadataService,getAndListenInstanceMetadata,getExportedURLs,serviceName,version,getSubscribedURLs,exportInstanceMetadata,getExportedServiceURLs,getMetadataInfo,toSortedStrings,getMetadataInfos,getServiceDefinition,getInstanceMetadataChangedListenerMap&pid=31524&register=false&release=3.0.9&revision=3.0.9&side=provider&threadpool=cached&threads=100&timestamp=1746421726317&version=1.0.0, dubbo version: 3.0.9, current host: 192.168.56.1
2025-05-05 13:08:46.340  INFO 31524 --- [           main] org.apache.dubbo.config.ServiceConfig    :  [DUBBO] Export dubbo service org.apache.dubbo.metadata.MetadataService to url dubbo://192.168.56.1:20880/org.apache.dubbo.metadata.MetadataService?anyhost=true&application=dubbo-springboot-demo-provider&background=false&bind.ip=192.168.56.1&bind.port=20880&connections=1&corethreads=2&delay=0&deprecated=false&dubbo=2.0.2&dynamic=true&executes=100&generic=false&getAndListenInstanceMetadata.1.callback=true&getAndListenInstanceMetadata.return=true&getAndListenInstanceMetadata.sent=true&group=dubbo-springboot-demo-provider&interface=org.apache.dubbo.metadata.MetadataService&methods=getMetadataURL,isMetadataService,getAndListenInstanceMetadata,getExportedURLs,serviceName,version,getSubscribedURLs,exportInstanceMetadata,getExportedServiceURLs,getMetadataInfo,toSortedStrings,getMetadataInfos,getServiceDefinition,getInstanceMetadataChangedListenerMap&pid=31524&register=false&release=3.0.9&revision=3.0.9&service-name-mapping=true&side=provider&threadpool=cached&threads=100&timestamp=1746421726317&version=1.0.0, dubbo version: 3.0.9, current host: 192.168.56.1
2025-05-05 13:08:46.354  INFO 31524 --- [           main] o.a.d.r.c.m.MigrationRuleListener        :  [DUBBO] Listening for migration rules on dataId dubbo-springboot-demo-provider.migration, group DUBBO_SERVICEDISCOVERY_MIGRATION, dubbo version: 3.0.9, current host: 192.168.56.1
2025-05-05 13:08:46.358  INFO 31524 --- [           main] org.apache.dubbo.config.ServiceConfig    :  [DUBBO] Export dubbo service org.apache.dubbo.metadata.MetadataService to url dubbo://192.168.56.1:20880/org.apache.dubbo.metadata.MetadataService?anyhost=true&application=dubbo-springboot-demo-provider&background=false&bind.ip=192.168.56.1&bind.port=20880&connections=1&corethreads=2&delay=0&deprecated=false&dubbo=2.0.2&dynamic=true&executes=100&generic=false&getAndListenInstanceMetadata.1.callback=true&getAndListenInstanceMetadata.return=true&getAndListenInstanceMetadata.sent=true&group=dubbo-springboot-demo-provider&interface=org.apache.dubbo.metadata.MetadataService&methods=getMetadataURL,isMetadataService,getAndListenInstanceMetadata,getExportedURLs,serviceName,version,getSubscribedURLs,exportInstanceMetadata,getExportedServiceURLs,getMetadataInfo,toSortedStrings,getMetadataInfos,getServiceDefinition,getInstanceMetadataChangedListenerMap&pid=31524&register=false&release=3.0.9&revision=3.0.9&service-name-mapping=true&side=provider&threadpool=cached&threads=100&timestamp=1746421726317&version=1.0.0, dubbo version: 3.0.9, current host: 192.168.56.1
2025-05-05 13:08:46.556  INFO 31524 --- [           main] o.a.dubbo.registry.nacos.NacosRegistry   :  [DUBBO] Subscribe: provider://192.168.56.1:20880/org.apache.dubbo.metadata.MetadataService?anyhost=true&application=dubbo-springboot-demo-provider&background=false&bind.ip=192.168.56.1&bind.port=20880&category=configurators&check=false&connections=1&corethreads=2&delay=0&deprecated=false&dubbo=2.0.2&dynamic=true&executes=100&generic=false&getAndListenInstanceMetadata.1.callback=true&getAndListenInstanceMetadata.return=true&getAndListenInstanceMetadata.sent=true&group=dubbo-springboot-demo-provider&interface=org.apache.dubbo.metadata.MetadataService&methods=getMetadataURL,isMetadataService,getAndListenInstanceMetadata,getExportedURLs,serviceName,version,getSubscribedURLs,exportInstanceMetadata,getExportedServiceURLs,getMetadataInfo,toSortedStrings,getMetadataInfos,getServiceDefinition,getInstanceMetadataChangedListenerMap&pid=31524&register=false&release=3.0.9&revision=3.0.9&service-name-mapping=true&side=provider&threadpool=cached&threads=100&timestamp=1746421726317&version=1.0.0, dubbo version: 3.0.9, current host: 192.168.56.1
2025-05-05 13:08:46.566  WARN 31524 --- [           main] o.a.dubbo.registry.nacos.NacosRegistry   :  [DUBBO] Ignore empty notify urls for subscribe url provider://192.168.56.1:20880/org.apache.dubbo.metadata.MetadataService?anyhost=true&application=dubbo-springboot-demo-provider&background=false&bind.ip=192.168.56.1&bind.port=20880&category=configurators&check=false&connections=1&corethreads=2&delay=0&deprecated=false&dubbo=2.0.2&dynamic=true&executes=100&generic=false&getAndListenInstanceMetadata.1.callback=true&getAndListenInstanceMetadata.return=true&getAndListenInstanceMetadata.sent=true&group=dubbo-springboot-demo-provider&interface=org.apache.dubbo.metadata.MetadataService&methods=getMetadataURL,isMetadataService,getAndListenInstanceMetadata,getExportedURLs,serviceName,version,getSubscribedURLs,exportInstanceMetadata,getExportedServiceURLs,getMetadataInfo,toSortedStrings,getMetadataInfos,getServiceDefinition,getInstanceMetadataChangedListenerMap&pid=31524&register=false&release=3.0.9&revision=3.0.9&service-name-mapping=true&side=provider&threadpool=cached&threads=100&timestamp=1746421726317&version=1.0.0, dubbo version: 3.0.9, current host: 192.168.56.1
2025-05-05 13:08:46.567  INFO 31524 --- [           main] org.apache.dubbo.config.ServiceConfig    :  [DUBBO] Successfully registered interface application mapping for service dubbo-springboot-demo-provider/org.apache.dubbo.metadata.MetadataService:1.0.0, dubbo version: 3.0.9, current host: 192.168.56.1
2025-05-05 13:08:46.568  INFO 31524 --- [           main] .c.m.ConfigurableMetadataServiceExporter :  [DUBBO] The MetadataService exports urls : [dubbo://192.168.56.1:20880/org.apache.dubbo.metadata.MetadataService?anyhost=true&application=dubbo-springboot-demo-provider&background=false&bind.ip=192.168.56.1&bind.port=20880&connections=1&corethreads=2&delay=0&deprecated=false&dubbo=2.0.2&dynamic=true&executes=100&generic=false&getAndListenInstanceMetadata.1.callback=true&getAndListenInstanceMetadata.return=true&getAndListenInstanceMetadata.sent=true&group=dubbo-springboot-demo-provider&interface=org.apache.dubbo.metadata.MetadataService&methods=getMetadataURL,isMetadataService,getAndListenInstanceMetadata,getExportedURLs,serviceName,version,getSubscribedURLs,exportInstanceMetadata,getExportedServiceURLs,getMetadataInfo,toSortedStrings,getMetadataInfos,getServiceDefinition,getInstanceMetadataChangedListenerMap&pid=31524&register=false&release=3.0.9&revision=3.0.9&service-name-mapping=true&side=provider&threadpool=cached&threads=100&timestamp=1746421726317&version=1.0.0], dubbo version: 3.0.9, current host: 192.168.56.1
2025-05-05 13:08:46.570  INFO 31524 --- [           main] o.a.d.r.c.m.ServiceInstanceMetadataUtils :  [DUBBO] Start registering instance address to registry., dubbo version: 3.0.9, current host: 192.168.56.1
2025-05-05 13:08:46.586  INFO 31524 --- [           main] org.apache.dubbo.metadata.MetadataInfo   :  [DUBBO] metadata revision changed: null -> 7bfc9dd80390e61d22b97231330ca793, app: dubbo-springboot-demo-provider, services: 4, dubbo version: 3.0.9, current host: 192.168.56.1
2025-05-05 13:08:46.608  INFO 31524 --- [           main] o.a.d.c.d.DefaultApplicationDeployer     :  [DUBBO] Dubbo Application[1.1](dubbo-springboot-demo-provider) is ready., dubbo version: 3.0.9, current host: 192.168.56.1
2025-05-05 13:08:46.615  INFO 31524 --- [           main] t.p.g.MainApplicationTests               : Started MainApplicationTests in 15.32 seconds (JVM running for 16.094)
WxOpenConfig(appId=xxx, appSecret=xxx, wxMpService=me.chanjar.weixin.mp.api.impl.WxMpServiceImpl@3f3b0b19)
]]></system-out>
  </testcase>
</testsuite>